{"/Users/moonlight/Documents/Projects/Tutorials/SettingUpMcpServers/vitest.config.js": {"path":"/Users/moonlight/Documents/Projects/Tutorials/SettingUpMcpServers/vitest.config.js","all":true,"statementMap":{"0":{"start":{"line":1,"column":0},"end":{"line":1,"column":32}},"1":{"start":{"line":2,"column":0},"end":{"line":2,"column":35}},"2":{"start":{"line":3,"column":0},"end":{"line":3,"column":40}},"3":{"start":{"line":4,"column":0},"end":{"line":4,"column":0}},"4":{"start":{"line":5,"column":0},"end":{"line":5,"column":29}},"5":{"start":{"line":6,"column":0},"end":{"line":6,"column":29}},"6":{"start":{"line":7,"column":0},"end":{"line":7,"column":23}},"7":{"start":{"line":8,"column":0},"end":{"line":8,"column":11}},"8":{"start":{"line":9,"column":0},"end":{"line":9,"column":22}},"9":{"start":{"line":10,"column":0},"end":{"line":10,"column":29}},"10":{"start":{"line":11,"column":0},"end":{"line":11,"column":42}},"11":{"start":{"line":12,"column":0},"end":{"line":12,"column":18}},"12":{"start":{"line":13,"column":0},"end":{"line":13,"column":19}},"13":{"start":{"line":14,"column":0},"end":{"line":14,"column":27}},"14":{"start":{"line":15,"column":0},"end":{"line":15,"column":47}},"15":{"start":{"line":16,"column":0},"end":{"line":16,"column":22}},"16":{"start":{"line":17,"column":0},"end":{"line":17,"column":32}},"17":{"start":{"line":18,"column":0},"end":{"line":18,"column":28}},"18":{"start":{"line":19,"column":0},"end":{"line":19,"column":44}},"19":{"start":{"line":20,"column":0},"end":{"line":20,"column":33}},"20":{"start":{"line":21,"column":0},"end":{"line":21,"column":34}},"21":{"start":{"line":22,"column":0},"end":{"line":22,"column":14}},"22":{"start":{"line":23,"column":0},"end":{"line":23,"column":25}},"23":{"start":{"line":24,"column":0},"end":{"line":24,"column":25}},"24":{"start":{"line":25,"column":0},"end":{"line":25,"column":33}},"25":{"start":{"line":26,"column":0},"end":{"line":26,"column":34}},"26":{"start":{"line":27,"column":0},"end":{"line":27,"column":30}},"27":{"start":{"line":28,"column":0},"end":{"line":28,"column":34}},"28":{"start":{"line":29,"column":0},"end":{"line":29,"column":17}},"29":{"start":{"line":30,"column":0},"end":{"line":30,"column":13}},"30":{"start":{"line":31,"column":0},"end":{"line":31,"column":9}},"31":{"start":{"line":32,"column":0},"end":{"line":32,"column":5}},"32":{"start":{"line":33,"column":0},"end":{"line":33,"column":2}}},"s":{"0":0,"1":0,"2":0,"3":0,"4":0,"5":0,"6":0,"7":0,"8":0,"9":0,"10":0,"11":0,"12":0,"13":0,"14":0,"15":0,"16":0,"17":0,"18":0,"19":0,"20":0,"21":0,"22":0,"23":0,"24":0,"25":0,"26":0,"27":0,"28":0,"29":0,"30":0,"31":0,"32":0},"branchMap":{"0":{"type":"branch","line":1,"loc":{"start":{"line":1,"column":0},"end":{"line":33,"column":-197}},"locations":[{"start":{"line":1,"column":0},"end":{"line":33,"column":-197}}]}},"b":{"0":[0]},"fnMap":{"0":{"name":"(empty-report)","decl":{"start":{"line":1,"column":0},"end":{"line":33,"column":-197}},"loc":{"start":{"line":1,"column":0},"end":{"line":33,"column":-197}},"line":1}},"f":{"0":0}}
,"/Users/moonlight/Documents/Projects/Tutorials/SettingUpMcpServers/dist/assets/index-DzWQ7dCA.js": {"path":"/Users/moonlight/Documents/Projects/Tutorials/SettingUpMcpServers/dist/assets/index-DzWQ7dCA.js","all":true,"statementMap":{"0":{"start":{"line":1,"column":0},"end":{"line":1,"column":739}},"1":{"start":{"line":2,"column":0},"end":{"line":2,"column":17}},"2":{"start":{"line":3,"column":0},"end":{"line":3,"column":34}},"3":{"start":{"line":4,"column":0},"end":{"line":4,"column":2}},"4":{"start":{"line":5,"column":0},"end":{"line":5,"column":53}},"5":{"start":{"line":6,"column":0},"end":{"line":6,"column":2}},"6":{"start":{"line":7,"column":0},"end":{"line":7,"column":66}},"7":{"start":{"line":8,"column":0},"end":{"line":8,"column":58}},"8":{"start":{"line":9,"column":0},"end":{"line":9,"column":483}},"9":{"start":{"line":10,"column":0},"end":{"line":10,"column":17}},"10":{"start":{"line":11,"column":0},"end":{"line":11,"column":22}},"11":{"start":{"line":12,"column":0},"end":{"line":12,"column":2}},"12":{"start":{"line":13,"column":0},"end":{"line":13,"column":53}},"13":{"start":{"line":14,"column":0},"end":{"line":14,"column":2}},"14":{"start":{"line":15,"column":0},"end":{"line":15,"column":66}},"15":{"start":{"line":16,"column":0},"end":{"line":16,"column":58}},"16":{"start":{"line":17,"column":0},"end":{"line":17,"column":7767}},"17":{"start":{"line":18,"column":0},"end":{"line":18,"column":17}},"18":{"start":{"line":19,"column":0},"end":{"line":19,"column":26}},"19":{"start":{"line":20,"column":0},"end":{"line":20,"column":2}},"20":{"start":{"line":21,"column":0},"end":{"line":21,"column":53}},"21":{"start":{"line":22,"column":0},"end":{"line":22,"column":2}},"22":{"start":{"line":23,"column":0},"end":{"line":23,"column":66}},"23":{"start":{"line":24,"column":0},"end":{"line":24,"column":58}},"24":{"start":{"line":25,"column":0},"end":{"line":25,"column":3744}},"25":{"start":{"line":26,"column":0},"end":{"line":26,"column":17}},"26":{"start":{"line":27,"column":0},"end":{"line":27,"column":26}},"27":{"start":{"line":28,"column":0},"end":{"line":28,"column":2}},"28":{"start":{"line":29,"column":0},"end":{"line":29,"column":53}},"29":{"start":{"line":30,"column":0},"end":{"line":30,"column":2}},"30":{"start":{"line":31,"column":0},"end":{"line":31,"column":66}},"31":{"start":{"line":32,"column":0},"end":{"line":32,"column":58}},"32":{"start":{"line":33,"column":0},"end":{"line":33,"column":3621}},"33":{"start":{"line":34,"column":0},"end":{"line":34,"column":17}},"34":{"start":{"line":35,"column":0},"end":{"line":35,"column":33}},"35":{"start":{"line":36,"column":0},"end":{"line":36,"column":2}},"36":{"start":{"line":37,"column":0},"end":{"line":37,"column":53}},"37":{"start":{"line":38,"column":0},"end":{"line":38,"column":2}},"38":{"start":{"line":39,"column":0},"end":{"line":39,"column":66}},"39":{"start":{"line":40,"column":0},"end":{"line":40,"column":58}},"40":{"start":{"line":41,"column":0},"end":{"line":41,"column":10201}},"41":{"start":{"line":42,"column":0},"end":{"line":42,"column":75}},"42":{"start":{"line":43,"column":0},"end":{"line":43,"column":985}},"43":{"start":{"line":44,"column":0},"end":{"line":44,"column":14}},"44":{"start":{"line":45,"column":0},"end":{"line":45,"column":328}},"45":{"start":{"line":46,"column":0},"end":{"line":46,"column":633}},"46":{"start":{"line":47,"column":0},"end":{"line":47,"column":37}},"47":{"start":{"line":48,"column":0},"end":{"line":48,"column":122767}},"48":{"start":{"line":49,"column":0},"end":{"line":49,"column":38022}}},"s":{"0":0,"1":0,"2":0,"3":0,"4":0,"5":0,"6":0,"7":0,"8":0,"9":0,"10":0,"11":0,"12":0,"13":0,"14":0,"15":0,"16":0,"17":0,"18":0,"19":0,"20":0,"21":0,"22":0,"23":0,"24":0,"25":0,"26":0,"27":0,"28":0,"29":0,"30":0,"31":0,"32":0,"33":0,"34":0,"35":0,"36":0,"37":0,"38":0,"39":0,"40":0,"41":0,"42":0,"43":0,"44":0,"45":0,"46":0,"47":0,"48":0},"branchMap":{"0":{"type":"branch","line":1,"loc":{"start":{"line":1,"column":190595},"end":{"line":49,"column":38022}},"locations":[{"start":{"line":1,"column":190595},"end":{"line":49,"column":38022}}]}},"b":{"0":[0]},"fnMap":{"0":{"name":"(empty-report)","decl":{"start":{"line":1,"column":190595},"end":{"line":49,"column":38022}},"loc":{"start":{"line":1,"column":190595},"end":{"line":49,"column":38022}},"line":1}},"f":{"0":0}}
,"/Users/moonlight/Documents/Projects/Tutorials/SettingUpMcpServers/src/App.jsx": {"path":"/Users/moonlight/Documents/Projects/Tutorials/SettingUpMcpServers/src/App.jsx","all":false,"statementMap":{"0":{"start":{"line":1,"column":0},"end":{"line":1,"column":18}},"1":{"start":{"line":2,"column":0},"end":{"line":2,"column":44}},"2":{"start":{"line":3,"column":0},"end":{"line":3,"column":40}},"3":{"start":{"line":4,"column":0},"end":{"line":4,"column":54}},"4":{"start":{"line":5,"column":0},"end":{"line":5,"column":53}},"5":{"start":{"line":6,"column":0},"end":{"line":6,"column":89}},"6":{"start":{"line":7,"column":0},"end":{"line":7,"column":43}},"7":{"start":{"line":8,"column":0},"end":{"line":8,"column":54}},"9":{"start":{"line":10,"column":0},"end":{"line":10,"column":16}},"11":{"start":{"line":12,"column":0},"end":{"line":12,"column":67}},"14":{"start":{"line":15,"column":0},"end":{"line":15,"column":28}},"15":{"start":{"line":16,"column":0},"end":{"line":16,"column":30}},"16":{"start":{"line":17,"column":0},"end":{"line":17,"column":3}},"19":{"start":{"line":20,"column":0},"end":{"line":20,"column":104}},"22":{"start":{"line":23,"column":0},"end":{"line":23,"column":111}},"25":{"start":{"line":26,"column":0},"end":{"line":26,"column":24}},"26":{"start":{"line":27,"column":0},"end":{"line":27,"column":66}},"27":{"start":{"line":28,"column":0},"end":{"line":28,"column":64}},"28":{"start":{"line":29,"column":0},"end":{"line":29,"column":70}},"29":{"start":{"line":30,"column":0},"end":{"line":30,"column":3}},"31":{"start":{"line":32,"column":0},"end":{"line":32,"column":89}},"34":{"start":{"line":35,"column":0},"end":{"line":35,"column":19}},"35":{"start":{"line":36,"column":0},"end":{"line":36,"column":62}},"36":{"start":{"line":37,"column":0},"end":{"line":37,"column":13}},"39":{"start":{"line":40,"column":0},"end":{"line":40,"column":28}},"40":{"start":{"line":41,"column":0},"end":{"line":41,"column":27}},"41":{"start":{"line":42,"column":0},"end":{"line":42,"column":26}},"42":{"start":{"line":43,"column":0},"end":{"line":43,"column":35}},"43":{"start":{"line":44,"column":0},"end":{"line":44,"column":34}},"44":{"start":{"line":45,"column":0},"end":{"line":45,"column":35}},"45":{"start":{"line":46,"column":0},"end":{"line":46,"column":31}},"46":{"start":{"line":47,"column":0},"end":{"line":47,"column":7}},"47":{"start":{"line":48,"column":0},"end":{"line":48,"column":6}},"48":{"start":{"line":49,"column":0},"end":{"line":49,"column":3}},"50":{"start":{"line":51,"column":0},"end":{"line":51,"column":29}},"52":{"start":{"line":53,"column":0},"end":{"line":53,"column":21}},"53":{"start":{"line":54,"column":0},"end":{"line":54,"column":37}},"54":{"start":{"line":55,"column":0},"end":{"line":55,"column":11}},"55":{"start":{"line":56,"column":0},"end":{"line":56,"column":22}},"56":{"start":{"line":57,"column":0},"end":{"line":57,"column":5}},"57":{"start":{"line":58,"column":0},"end":{"line":58,"column":33}},"58":{"start":{"line":59,"column":0},"end":{"line":59,"column":3}},"60":{"start":{"line":61,"column":0},"end":{"line":61,"column":30}},"61":{"start":{"line":62,"column":0},"end":{"line":62,"column":30}},"62":{"start":{"line":63,"column":0},"end":{"line":63,"column":69}},"63":{"start":{"line":64,"column":0},"end":{"line":64,"column":6}},"64":{"start":{"line":65,"column":0},"end":{"line":65,"column":3}},"66":{"start":{"line":67,"column":0},"end":{"line":67,"column":30}},"67":{"start":{"line":68,"column":0},"end":{"line":68,"column":50}},"68":{"start":{"line":69,"column":0},"end":{"line":69,"column":3}},"70":{"start":{"line":71,"column":0},"end":{"line":71,"column":37}},"71":{"start":{"line":72,"column":0},"end":{"line":72,"column":30}},"72":{"start":{"line":73,"column":0},"end":{"line":73,"column":56}},"73":{"start":{"line":74,"column":0},"end":{"line":74,"column":6}},"74":{"start":{"line":75,"column":0},"end":{"line":75,"column":3}},"77":{"start":{"line":78,"column":0},"end":{"line":78,"column":28}},"78":{"start":{"line":79,"column":0},"end":{"line":79,"column":24}},"79":{"start":{"line":80,"column":0},"end":{"line":80,"column":19}},"80":{"start":{"line":81,"column":0},"end":{"line":81,"column":17}},"81":{"start":{"line":82,"column":0},"end":{"line":82,"column":17}},"82":{"start":{"line":83,"column":0},"end":{"line":83,"column":35}},"83":{"start":{"line":84,"column":0},"end":{"line":84,"column":19}},"84":{"start":{"line":85,"column":0},"end":{"line":85,"column":21}},"97":{"start":{"line":98,"column":0},"end":{"line":98,"column":10}},"98":{"start":{"line":99,"column":0},"end":{"line":99,"column":7}},"99":{"start":{"line":100,"column":0},"end":{"line":100,"column":5}},"100":{"start":{"line":101,"column":0},"end":{"line":101,"column":3}},"102":{"start":{"line":103,"column":0},"end":{"line":103,"column":10}},"103":{"start":{"line":104,"column":0},"end":{"line":104,"column":57}},"104":{"start":{"line":105,"column":0},"end":{"line":105,"column":27}},"105":{"start":{"line":106,"column":0},"end":{"line":106,"column":35}},"106":{"start":{"line":107,"column":0},"end":{"line":107,"column":20}},"107":{"start":{"line":108,"column":0},"end":{"line":108,"column":19}},"108":{"start":{"line":109,"column":0},"end":{"line":109,"column":25}},"109":{"start":{"line":110,"column":0},"end":{"line":110,"column":31}},"110":{"start":{"line":111,"column":0},"end":{"line":111,"column":37}},"111":{"start":{"line":112,"column":0},"end":{"line":112,"column":37}},"112":{"start":{"line":113,"column":0},"end":{"line":113,"column":33}},"113":{"start":{"line":114,"column":0},"end":{"line":114,"column":12}},"114":{"start":{"line":115,"column":0},"end":{"line":115,"column":14}},"115":{"start":{"line":116,"column":0},"end":{"line":116,"column":22}},"116":{"start":{"line":117,"column":0},"end":{"line":117,"column":34}},"117":{"start":{"line":118,"column":0},"end":{"line":118,"column":52}},"118":{"start":{"line":119,"column":0},"end":{"line":119,"column":10}},"119":{"start":{"line":120,"column":0},"end":{"line":120,"column":12}},"120":{"start":{"line":121,"column":0},"end":{"line":121,"column":28}},"122":{"start":{"line":123,"column":0},"end":{"line":123,"column":1}},"124":{"start":{"line":125,"column":0},"end":{"line":125,"column":18}}},"s":{"0":1,"1":1,"2":1,"3":1,"4":1,"5":1,"6":1,"7":1,"9":35,"11":35,"14":35,"15":15,"16":15,"19":35,"22":35,"25":35,"26":35,"27":35,"28":35,"29":35,"31":35,"34":35,"35":24,"36":35,"39":35,"40":5,"41":5,"42":5,"43":5,"44":5,"45":5,"46":5,"47":5,"48":5,"50":35,"52":5,"53":5,"54":5,"55":5,"56":5,"57":5,"58":5,"60":35,"61":3,"62":11,"63":3,"64":3,"66":35,"67":1,"68":1,"70":35,"71":1,"72":4,"73":1,"74":1,"77":35,"78":35,"79":35,"80":35,"81":35,"82":35,"83":35,"84":0,"97":0,"98":0,"99":35,"100":35,"102":35,"103":35,"104":35,"105":35,"106":35,"107":35,"108":35,"109":35,"110":35,"111":35,"112":35,"113":35,"114":35,"115":35,"116":35,"117":35,"118":35,"119":35,"120":35,"122":35,"124":1},"branchMap":{"0":{"type":"branch","line":10,"loc":{"start":{"line":10,"column":0},"end":{"line":123,"column":1}},"locations":[{"start":{"line":10,"column":0},"end":{"line":123,"column":1}}]},"1":{"type":"branch","line":23,"loc":{"start":{"line":23,"column":64},"end":{"line":23,"column":91}},"locations":[{"start":{"line":23,"column":64},"end":{"line":23,"column":91}}]},"2":{"type":"branch","line":23,"loc":{"start":{"line":23,"column":82},"end":{"line":23,"column":100}},"locations":[{"start":{"line":23,"column":82},"end":{"line":23,"column":100}}]},"3":{"type":"branch","line":15,"loc":{"start":{"line":15,"column":21},"end":{"line":17,"column":3}},"locations":[{"start":{"line":15,"column":21},"end":{"line":17,"column":3}}]},"4":{"type":"branch","line":35,"loc":{"start":{"line":35,"column":12},"end":{"line":37,"column":5}},"locations":[{"start":{"line":35,"column":12},"end":{"line":37,"column":5}}]},"5":{"type":"branch","line":40,"loc":{"start":{"line":40,"column":21},"end":{"line":49,"column":3}},"locations":[{"start":{"line":40,"column":21},"end":{"line":49,"column":3}}]},"6":{"type":"branch","line":41,"loc":{"start":{"line":41,"column":13},"end":{"line":48,"column":5}},"locations":[{"start":{"line":41,"column":13},"end":{"line":48,"column":5}}]},"7":{"type":"branch","line":43,"loc":{"start":{"line":43,"column":8},"end":{"line":43,"column":35}},"locations":[{"start":{"line":43,"column":8},"end":{"line":43,"column":35}}]},"8":{"type":"branch","line":44,"loc":{"start":{"line":44,"column":8},"end":{"line":44,"column":34}},"locations":[{"start":{"line":44,"column":8},"end":{"line":44,"column":34}}]},"9":{"type":"branch","line":45,"loc":{"start":{"line":45,"column":8},"end":{"line":45,"column":35}},"locations":[{"start":{"line":45,"column":8},"end":{"line":45,"column":35}}]},"10":{"type":"branch","line":46,"loc":{"start":{"line":46,"column":8},"end":{"line":46,"column":31}},"locations":[{"start":{"line":46,"column":8},"end":{"line":46,"column":31}}]},"11":{"type":"branch","line":51,"loc":{"start":{"line":51,"column":18},"end":{"line":59,"column":3}},"locations":[{"start":{"line":51,"column":18},"end":{"line":59,"column":3}}]},"12":{"type":"branch","line":61,"loc":{"start":{"line":61,"column":21},"end":{"line":65,"column":3}},"locations":[{"start":{"line":61,"column":21},"end":{"line":65,"column":3}}]},"13":{"type":"branch","line":62,"loc":{"start":{"line":62,"column":23},"end":{"line":63,"column":69}},"locations":[{"start":{"line":62,"column":23},"end":{"line":63,"column":69}}]},"14":{"type":"branch","line":63,"loc":{"start":{"line":63,"column":18},"end":{"line":63,"column":65}},"locations":[{"start":{"line":63,"column":18},"end":{"line":63,"column":65}}]},"15":{"type":"branch","line":63,"loc":{"start":{"line":63,"column":61},"end":{"line":63,"column":69}},"locations":[{"start":{"line":63,"column":61},"end":{"line":63,"column":69}}]},"16":{"type":"branch","line":67,"loc":{"start":{"line":67,"column":21},"end":{"line":69,"column":3}},"locations":[{"start":{"line":67,"column":21},"end":{"line":69,"column":3}}]},"17":{"type":"branch","line":68,"loc":{"start":{"line":68,"column":26},"end":{"line":68,"column":48}},"locations":[{"start":{"line":68,"column":26},"end":{"line":68,"column":48}}]},"18":{"type":"branch","line":71,"loc":{"start":{"line":71,"column":19},"end":{"line":75,"column":3}},"locations":[{"start":{"line":71,"column":19},"end":{"line":75,"column":3}}]},"19":{"type":"branch","line":72,"loc":{"start":{"line":72,"column":23},"end":{"line":73,"column":56}},"locations":[{"start":{"line":72,"column":23},"end":{"line":73,"column":56}}]},"20":{"type":"branch","line":73,"loc":{"start":{"line":73,"column":18},"end":{"line":73,"column":52}},"locations":[{"start":{"line":73,"column":18},"end":{"line":73,"column":52}}]},"21":{"type":"branch","line":73,"loc":{"start":{"line":73,"column":48},"end":{"line":73,"column":56}},"locations":[{"start":{"line":73,"column":48},"end":{"line":73,"column":56}}]},"22":{"type":"branch","line":118,"loc":{"start":{"line":118,"column":18},"end":{"line":118,"column":52}},"locations":[{"start":{"line":118,"column":18},"end":{"line":118,"column":52}}]}},"b":{"0":[35],"1":[1],"2":[34],"3":[15],"4":[24],"5":[5],"6":[5],"7":[3],"8":[1],"9":[1],"10":[0],"11":[5],"12":[3],"13":[11],"14":[3],"15":[8],"16":[1],"17":[4],"18":[1],"19":[4],"20":[1],"21":[3],"22":[1]},"fnMap":{"0":{"name":"App","decl":{"start":{"line":10,"column":0},"end":{"line":123,"column":1}},"loc":{"start":{"line":10,"column":0},"end":{"line":123,"column":1}},"line":10},"1":{"name":"handleSave","decl":{"start":{"line":15,"column":21},"end":{"line":17,"column":3}},"loc":{"start":{"line":15,"column":21},"end":{"line":17,"column":3}},"line":15},"2":{"name":"cycleTheme","decl":{"start":{"line":40,"column":21},"end":{"line":49,"column":3}},"loc":{"start":{"line":40,"column":21},"end":{"line":49,"column":3}},"line":40},"3":{"name":"addTodo","decl":{"start":{"line":51,"column":18},"end":{"line":59,"column":3}},"loc":{"start":{"line":51,"column":18},"end":{"line":59,"column":3}},"line":51},"4":{"name":"toggleTodo","decl":{"start":{"line":61,"column":21},"end":{"line":65,"column":3}},"loc":{"start":{"line":61,"column":21},"end":{"line":65,"column":3}},"line":61},"5":{"name":"deleteTodo","decl":{"start":{"line":67,"column":21},"end":{"line":69,"column":3}},"loc":{"start":{"line":67,"column":21},"end":{"line":69,"column":3}},"line":67},"6":{"name":"editTodo","decl":{"start":{"line":71,"column":19},"end":{"line":75,"column":3}},"loc":{"start":{"line":71,"column":19},"end":{"line":75,"column":3}},"line":71},"7":{"name":"getCurrentTodos","decl":{"start":{"line":83,"column":23},"end":{"line":83,"column":35}},"loc":{"start":{"line":83,"column":23},"end":{"line":83,"column":35}},"line":83},"8":{"name":"help","decl":{"start":{"line":84,"column":12},"end":{"line":99,"column":7}},"loc":{"start":{"line":84,"column":12},"end":{"line":99,"column":7}},"line":84},"9":{"name":"onHide","decl":{"start":{"line":118,"column":18},"end":{"line":118,"column":52}},"loc":{"start":{"line":118,"column":18},"end":{"line":118,"column":52}},"line":118}},"f":{"0":35,"1":15,"2":5,"3":5,"4":3,"5":1,"6":1,"7":0,"8":0,"9":1}}
,"/Users/moonlight/Documents/Projects/Tutorials/SettingUpMcpServers/src/main.jsx": {"path":"/Users/moonlight/Documents/Projects/Tutorials/SettingUpMcpServers/src/main.jsx","all":false,"statementMap":{"0":{"start":{"line":1,"column":0},"end":{"line":1,"column":34}},"1":{"start":{"line":2,"column":0},"end":{"line":2,"column":45}},"2":{"start":{"line":3,"column":0},"end":{"line":3,"column":20}},"3":{"start":{"line":4,"column":0},"end":{"line":4,"column":27}},"5":{"start":{"line":6,"column":0},"end":{"line":6,"column":51}},"7":{"start":{"line":8,"column":0},"end":{"line":8,"column":19}},"8":{"start":{"line":9,"column":0},"end":{"line":9,"column":43}},"9":{"start":{"line":10,"column":0},"end":{"line":10,"column":1}},"11":{"start":{"line":12,"column":0},"end":{"line":12,"column":31}},"12":{"start":{"line":13,"column":0},"end":{"line":13,"column":14}},"13":{"start":{"line":14,"column":0},"end":{"line":14,"column":11}},"14":{"start":{"line":15,"column":0},"end":{"line":15,"column":16}},"15":{"start":{"line":16,"column":0},"end":{"line":16,"column":1}}},"s":{"0":1,"1":1,"2":1,"3":1,"5":1,"7":1,"8":1,"9":1,"11":1,"12":1,"13":1,"14":1,"15":1},"branchMap":{"0":{"type":"branch","line":8,"loc":{"start":{"line":8,"column":18},"end":{"line":10,"column":1}},"locations":[{"start":{"line":8,"column":18},"end":{"line":10,"column":1}}]}},"b":{"0":[1]},"fnMap":{},"f":{}}
,"/Users/moonlight/Documents/Projects/Tutorials/SettingUpMcpServers/src/components/AddTodo.jsx": {"path":"/Users/moonlight/Documents/Projects/Tutorials/SettingUpMcpServers/src/components/AddTodo.jsx","all":false,"statementMap":{"0":{"start":{"line":1,"column":0},"end":{"line":1,"column":32}},"1":{"start":{"line":2,"column":0},"end":{"line":2,"column":22}},"3":{"start":{"line":4,"column":0},"end":{"line":4,"column":33}},"4":{"start":{"line":5,"column":0},"end":{"line":5,"column":38}},"6":{"start":{"line":7,"column":0},"end":{"line":7,"column":31}},"7":{"start":{"line":8,"column":0},"end":{"line":8,"column":22}},"8":{"start":{"line":9,"column":0},"end":{"line":9,"column":22}},"9":{"start":{"line":10,"column":0},"end":{"line":10,"column":28}},"10":{"start":{"line":11,"column":0},"end":{"line":11,"column":17}},"11":{"start":{"line":12,"column":0},"end":{"line":12,"column":5}},"12":{"start":{"line":13,"column":0},"end":{"line":13,"column":3}},"14":{"start":{"line":15,"column":0},"end":{"line":15,"column":10}},"15":{"start":{"line":16,"column":0},"end":{"line":16,"column":67}},"16":{"start":{"line":17,"column":0},"end":{"line":17,"column":12}},"17":{"start":{"line":18,"column":0},"end":{"line":18,"column":19}},"18":{"start":{"line":19,"column":0},"end":{"line":19,"column":34}},"19":{"start":{"line":20,"column":0},"end":{"line":20,"column":39}},"20":{"start":{"line":21,"column":0},"end":{"line":21,"column":20}},"21":{"start":{"line":22,"column":0},"end":{"line":22,"column":49}},"22":{"start":{"line":23,"column":0},"end":{"line":23,"column":33}},"23":{"start":{"line":24,"column":0},"end":{"line":24,"column":8}},"24":{"start":{"line":25,"column":0},"end":{"line":25,"column":53}},"26":{"start":{"line":27,"column":0},"end":{"line":27,"column":15}},"27":{"start":{"line":28,"column":0},"end":{"line":28,"column":11}},"29":{"start":{"line":30,"column":0},"end":{"line":30,"column":1}},"31":{"start":{"line":32,"column":0},"end":{"line":32,"column":22}}},"s":{"0":1,"1":1,"3":256,"4":256,"6":256,"7":13,"8":13,"9":10,"10":10,"11":10,"12":13,"14":256,"15":256,"16":256,"17":256,"18":256,"19":256,"20":256,"21":256,"22":256,"23":256,"24":256,"26":256,"27":256,"29":256,"31":1},"branchMap":{"0":{"type":"branch","line":4,"loc":{"start":{"line":4,"column":0},"end":{"line":30,"column":1}},"locations":[{"start":{"line":4,"column":0},"end":{"line":30,"column":1}}]},"1":{"type":"branch","line":7,"loc":{"start":{"line":7,"column":23},"end":{"line":13,"column":3}},"locations":[{"start":{"line":7,"column":23},"end":{"line":13,"column":3}}]},"2":{"type":"branch","line":9,"loc":{"start":{"line":9,"column":21},"end":{"line":12,"column":5}},"locations":[{"start":{"line":9,"column":21},"end":{"line":12,"column":5}}]},"3":{"type":"branch","line":22,"loc":{"start":{"line":22,"column":18},"end":{"line":22,"column":49}},"locations":[{"start":{"line":22,"column":18},"end":{"line":22,"column":49}}]}},"b":{"0":[256],"1":[13],"2":[10],"3":[188]},"fnMap":{"0":{"name":"AddTodo","decl":{"start":{"line":4,"column":0},"end":{"line":30,"column":1}},"loc":{"start":{"line":4,"column":0},"end":{"line":30,"column":1}},"line":4},"1":{"name":"handleSubmit","decl":{"start":{"line":7,"column":23},"end":{"line":13,"column":3}},"loc":{"start":{"line":7,"column":23},"end":{"line":13,"column":3}},"line":7},"2":{"name":"onChange","decl":{"start":{"line":22,"column":18},"end":{"line":22,"column":49}},"loc":{"start":{"line":22,"column":18},"end":{"line":22,"column":49}},"line":22}},"f":{"0":256,"1":13,"2":188}}
,"/Users/moonlight/Documents/Projects/Tutorials/SettingUpMcpServers/src/components/Header.jsx": {"path":"/Users/moonlight/Documents/Projects/Tutorials/SettingUpMcpServers/src/components/Header.jsx","all":false,"statementMap":{"0":{"start":{"line":1,"column":0},"end":{"line":1,"column":21}},"1":{"start":{"line":2,"column":0},"end":{"line":2,"column":51}},"3":{"start":{"line":4,"column":0},"end":{"line":4,"column":19}},"4":{"start":{"line":5,"column":0},"end":{"line":5,"column":42}},"6":{"start":{"line":7,"column":0},"end":{"line":7,"column":30}},"7":{"start":{"line":8,"column":0},"end":{"line":8,"column":20}},"8":{"start":{"line":9,"column":0},"end":{"line":9,"column":31}},"9":{"start":{"line":10,"column":0},"end":{"line":10,"column":30}},"10":{"start":{"line":11,"column":0},"end":{"line":11,"column":30}},"11":{"start":{"line":12,"column":0},"end":{"line":12,"column":26}},"12":{"start":{"line":13,"column":0},"end":{"line":13,"column":5}},"13":{"start":{"line":14,"column":0},"end":{"line":14,"column":3}},"15":{"start":{"line":16,"column":0},"end":{"line":16,"column":30}},"16":{"start":{"line":17,"column":0},"end":{"line":17,"column":20}},"17":{"start":{"line":18,"column":0},"end":{"line":18,"column":33}},"18":{"start":{"line":19,"column":0},"end":{"line":19,"column":32}},"19":{"start":{"line":20,"column":0},"end":{"line":20,"column":33}},"20":{"start":{"line":21,"column":0},"end":{"line":21,"column":28}},"21":{"start":{"line":22,"column":0},"end":{"line":22,"column":5}},"22":{"start":{"line":23,"column":0},"end":{"line":23,"column":3}},"24":{"start":{"line":25,"column":0},"end":{"line":25,"column":10}},"25":{"start":{"line":26,"column":0},"end":{"line":26,"column":31}},"26":{"start":{"line":27,"column":0},"end":{"line":27,"column":38}},"27":{"start":{"line":28,"column":0},"end":{"line":28,"column":13}},"28":{"start":{"line":29,"column":0},"end":{"line":29,"column":59}},"29":{"start":{"line":30,"column":0},"end":{"line":30,"column":87}},"30":{"start":{"line":31,"column":0},"end":{"line":31,"column":14}},"31":{"start":{"line":32,"column":0},"end":{"line":32,"column":15}},"32":{"start":{"line":33,"column":0},"end":{"line":33,"column":34}},"33":{"start":{"line":34,"column":0},"end":{"line":34,"column":30}},"34":{"start":{"line":35,"column":0},"end":{"line":35,"column":86}},"35":{"start":{"line":36,"column":0},"end":{"line":36,"column":81}},"37":{"start":{"line":38,"column":0},"end":{"line":38,"column":26}},"38":{"start":{"line":39,"column":0},"end":{"line":39,"column":17}},"39":{"start":{"line":40,"column":0},"end":{"line":40,"column":12}},"40":{"start":{"line":41,"column":0},"end":{"line":41,"column":13}},"42":{"start":{"line":43,"column":0},"end":{"line":43,"column":1}},"44":{"start":{"line":45,"column":0},"end":{"line":45,"column":21}}},"s":{"0":1,"1":1,"3":41,"4":41,"6":41,"7":41,"8":41,"9":41,"10":41,"11":41,"12":41,"13":41,"15":41,"16":82,"17":82,"18":82,"19":82,"20":82,"21":82,"22":82,"24":41,"25":41,"26":41,"27":41,"28":41,"29":41,"30":41,"31":41,"32":41,"33":41,"34":41,"35":41,"37":41,"38":41,"39":41,"40":41,"42":41,"44":1},"branchMap":{"0":{"type":"branch","line":4,"loc":{"start":{"line":4,"column":0},"end":{"line":43,"column":1}},"locations":[{"start":{"line":4,"column":0},"end":{"line":43,"column":1}}]},"1":{"type":"branch","line":7,"loc":{"start":{"line":7,"column":23},"end":{"line":14,"column":3}},"locations":[{"start":{"line":7,"column":23},"end":{"line":14,"column":3}}]},"2":{"type":"branch","line":9,"loc":{"start":{"line":9,"column":6},"end":{"line":9,"column":31}},"locations":[{"start":{"line":9,"column":6},"end":{"line":9,"column":31}}]},"3":{"type":"branch","line":10,"loc":{"start":{"line":10,"column":6},"end":{"line":10,"column":30}},"locations":[{"start":{"line":10,"column":6},"end":{"line":10,"column":30}}]},"4":{"type":"branch","line":11,"loc":{"start":{"line":11,"column":6},"end":{"line":11,"column":30}},"locations":[{"start":{"line":11,"column":6},"end":{"line":11,"column":30}}]},"5":{"type":"branch","line":12,"loc":{"start":{"line":12,"column":6},"end":{"line":12,"column":26}},"locations":[{"start":{"line":12,"column":6},"end":{"line":12,"column":26}}]},"6":{"type":"branch","line":16,"loc":{"start":{"line":16,"column":23},"end":{"line":23,"column":3}},"locations":[{"start":{"line":16,"column":23},"end":{"line":23,"column":3}}]},"7":{"type":"branch","line":18,"loc":{"start":{"line":18,"column":6},"end":{"line":18,"column":33}},"locations":[{"start":{"line":18,"column":6},"end":{"line":18,"column":33}}]},"8":{"type":"branch","line":19,"loc":{"start":{"line":19,"column":6},"end":{"line":19,"column":32}},"locations":[{"start":{"line":19,"column":6},"end":{"line":19,"column":32}}]},"9":{"type":"branch","line":20,"loc":{"start":{"line":20,"column":6},"end":{"line":20,"column":33}},"locations":[{"start":{"line":20,"column":6},"end":{"line":20,"column":33}}]},"10":{"type":"branch","line":21,"loc":{"start":{"line":21,"column":6},"end":{"line":21,"column":28}},"locations":[{"start":{"line":21,"column":6},"end":{"line":21,"column":28}}]}},"b":{"0":[41],"1":[41],"2":[34],"3":[5],"4":[2],"5":[0],"6":[82],"7":[68],"8":[10],"9":[4],"10":[0]},"fnMap":{"0":{"name":"Header","decl":{"start":{"line":4,"column":0},"end":{"line":43,"column":1}},"loc":{"start":{"line":4,"column":0},"end":{"line":43,"column":1}},"line":4},"1":{"name":"getThemeIcon","decl":{"start":{"line":7,"column":23},"end":{"line":14,"column":3}},"loc":{"start":{"line":7,"column":23},"end":{"line":14,"column":3}},"line":7},"2":{"name":"getNextTheme","decl":{"start":{"line":16,"column":23},"end":{"line":23,"column":3}},"loc":{"start":{"line":16,"column":23},"end":{"line":23,"column":3}},"line":16}},"f":{"0":41,"1":41,"2":82}}
,"/Users/moonlight/Documents/Projects/Tutorials/SettingUpMcpServers/src/components/SaveIndicator.jsx": {"path":"/Users/moonlight/Documents/Projects/Tutorials/SettingUpMcpServers/src/components/SaveIndicator.jsx","all":false,"statementMap":{"0":{"start":{"line":1,"column":0},"end":{"line":1,"column":43}},"1":{"start":{"line":2,"column":0},"end":{"line":2,"column":28}},"3":{"start":{"line":4,"column":0},"end":{"line":4,"column":42}},"4":{"start":{"line":5,"column":0},"end":{"line":5,"column":51}},"6":{"start":{"line":7,"column":0},"end":{"line":7,"column":19}},"7":{"start":{"line":8,"column":0},"end":{"line":8,"column":15}},"8":{"start":{"line":9,"column":0},"end":{"line":9,"column":24}},"9":{"start":{"line":10,"column":0},"end":{"line":10,"column":38}},"10":{"start":{"line":11,"column":0},"end":{"line":11,"column":27}},"11":{"start":{"line":12,"column":0},"end":{"line":12,"column":21}},"12":{"start":{"line":13,"column":0},"end":{"line":13,"column":18}},"13":{"start":{"line":14,"column":0},"end":{"line":14,"column":9}},"14":{"start":{"line":15,"column":0},"end":{"line":15,"column":36}},"16":{"start":{"line":17,"column":0},"end":{"line":17,"column":38}},"17":{"start":{"line":18,"column":0},"end":{"line":18,"column":12}},"18":{"start":{"line":19,"column":0},"end":{"line":19,"column":25}},"19":{"start":{"line":20,"column":0},"end":{"line":20,"column":5}},"20":{"start":{"line":21,"column":0},"end":{"line":21,"column":20}},"22":{"start":{"line":23,"column":0},"end":{"line":23,"column":29}},"24":{"start":{"line":25,"column":0},"end":{"line":25,"column":10}},"25":{"start":{"line":26,"column":0},"end":{"line":26,"column":69}},"26":{"start":{"line":27,"column":0},"end":{"line":27,"column":42}},"27":{"start":{"line":28,"column":0},"end":{"line":28,"column":46}},"28":{"start":{"line":29,"column":0},"end":{"line":29,"column":10}},"30":{"start":{"line":31,"column":0},"end":{"line":31,"column":1}},"32":{"start":{"line":33,"column":0},"end":{"line":33,"column":28}}},"s":{"0":1,"1":1,"3":61,"4":61,"6":61,"7":43,"8":20,"9":20,"10":2,"11":2,"12":2,"13":2,"14":20,"16":20,"17":43,"18":23,"19":23,"20":61,"22":61,"24":22,"25":22,"26":22,"27":22,"28":22,"30":22,"32":1},"branchMap":{"0":{"type":"branch","line":4,"loc":{"start":{"line":4,"column":0},"end":{"line":31,"column":1}},"locations":[{"start":{"line":4,"column":0},"end":{"line":31,"column":1}}]},"1":{"type":"branch","line":23,"loc":{"start":{"line":23,"column":18},"end":{"line":23,"column":29}},"locations":[{"start":{"line":23,"column":18},"end":{"line":23,"column":29}}]},"2":{"type":"branch","line":23,"loc":{"start":{"line":23,"column":25},"end":{"line":31,"column":1}},"locations":[{"start":{"line":23,"column":25},"end":{"line":31,"column":1}}]},"3":{"type":"branch","line":7,"loc":{"start":{"line":7,"column":12},"end":{"line":21,"column":5}},"locations":[{"start":{"line":7,"column":12},"end":{"line":21,"column":5}}]},"4":{"type":"branch","line":8,"loc":{"start":{"line":8,"column":14},"end":{"line":18,"column":11}},"locations":[{"start":{"line":8,"column":14},"end":{"line":18,"column":11}}]},"5":{"type":"branch","line":18,"loc":{"start":{"line":18,"column":4},"end":{"line":20,"column":5}},"locations":[{"start":{"line":18,"column":4},"end":{"line":20,"column":5}}]},"6":{"type":"branch","line":10,"loc":{"start":{"line":10,"column":31},"end":{"line":15,"column":9}},"locations":[{"start":{"line":10,"column":31},"end":{"line":15,"column":9}}]},"7":{"type":"branch","line":17,"loc":{"start":{"line":17,"column":13},"end":{"line":17,"column":38}},"locations":[{"start":{"line":17,"column":13},"end":{"line":17,"column":38}}]}},"b":{"0":[61],"1":[39],"2":[22],"3":[43],"4":[20],"5":[23],"6":[2],"7":[20]},"fnMap":{"0":{"name":"SaveIndicator","decl":{"start":{"line":4,"column":0},"end":{"line":31,"column":1}},"loc":{"start":{"line":4,"column":0},"end":{"line":31,"column":1}},"line":4}},"f":{"0":61}}
,"/Users/moonlight/Documents/Projects/Tutorials/SettingUpMcpServers/src/components/TodoItem.jsx": {"path":"/Users/moonlight/Documents/Projects/Tutorials/SettingUpMcpServers/src/components/TodoItem.jsx","all":false,"statementMap":{"0":{"start":{"line":1,"column":0},"end":{"line":1,"column":32}},"1":{"start":{"line":2,"column":0},"end":{"line":2,"column":23}},"3":{"start":{"line":4,"column":0},"end":{"line":4,"column":57}},"4":{"start":{"line":5,"column":0},"end":{"line":5,"column":51}},"5":{"start":{"line":6,"column":0},"end":{"line":6,"column":53}},"7":{"start":{"line":8,"column":0},"end":{"line":8,"column":28}},"8":{"start":{"line":9,"column":0},"end":{"line":9,"column":26}},"9":{"start":{"line":10,"column":0},"end":{"line":10,"column":38}},"10":{"start":{"line":11,"column":0},"end":{"line":11,"column":25}},"11":{"start":{"line":12,"column":0},"end":{"line":12,"column":5}},"12":{"start":{"line":13,"column":0},"end":{"line":13,"column":3}},"14":{"start":{"line":15,"column":0},"end":{"line":15,"column":30}},"15":{"start":{"line":16,"column":0},"end":{"line":16,"column":26}},"16":{"start":{"line":17,"column":0},"end":{"line":17,"column":23}},"17":{"start":{"line":18,"column":0},"end":{"line":18,"column":3}},"19":{"start":{"line":20,"column":0},"end":{"line":20,"column":33}},"20":{"start":{"line":21,"column":0},"end":{"line":21,"column":28}},"21":{"start":{"line":22,"column":0},"end":{"line":22,"column":18}},"22":{"start":{"line":23,"column":0},"end":{"line":23,"column":36}},"23":{"start":{"line":24,"column":0},"end":{"line":24,"column":20}},"24":{"start":{"line":25,"column":0},"end":{"line":25,"column":5}},"25":{"start":{"line":26,"column":0},"end":{"line":26,"column":3}},"27":{"start":{"line":28,"column":0},"end":{"line":28,"column":10}},"28":{"start":{"line":29,"column":0},"end":{"line":29,"column":70}},"29":{"start":{"line":30,"column":0},"end":{"line":30,"column":36}},"30":{"start":{"line":31,"column":0},"end":{"line":31,"column":15}},"31":{"start":{"line":32,"column":0},"end":{"line":32,"column":30}},"32":{"start":{"line":33,"column":0},"end":{"line":33,"column":25}},"33":{"start":{"line":34,"column":0},"end":{"line":34,"column":39}},"34":{"start":{"line":35,"column":0},"end":{"line":35,"column":43}},"35":{"start":{"line":36,"column":0},"end":{"line":36,"column":44}},"37":{"start":{"line":38,"column":0},"end":{"line":38,"column":66}},"38":{"start":{"line":39,"column":0},"end":{"line":39,"column":17}},"40":{"start":{"line":41,"column":0},"end":{"line":41,"column":22}},"41":{"start":{"line":42,"column":0},"end":{"line":42,"column":12}},"42":{"start":{"line":43,"column":0},"end":{"line":43,"column":18}},"43":{"start":{"line":44,"column":0},"end":{"line":44,"column":25}},"44":{"start":{"line":45,"column":0},"end":{"line":45,"column":36}},"45":{"start":{"line":46,"column":0},"end":{"line":46,"column":30}},"46":{"start":{"line":47,"column":0},"end":{"line":47,"column":59}},"47":{"start":{"line":48,"column":0},"end":{"line":48,"column":40}},"48":{"start":{"line":49,"column":0},"end":{"line":49,"column":23}},"49":{"start":{"line":50,"column":0},"end":{"line":50,"column":14}},"50":{"start":{"line":51,"column":0},"end":{"line":51,"column":13}},"52":{"start":{"line":53,"column":0},"end":{"line":53,"column":15}},"53":{"start":{"line":54,"column":0},"end":{"line":54,"column":33}},"54":{"start":{"line":55,"column":0},"end":{"line":55,"column":45}},"55":{"start":{"line":56,"column":0},"end":{"line":56,"column":52}},"57":{"start":{"line":58,"column":0},"end":{"line":58,"column":23}},"58":{"start":{"line":59,"column":0},"end":{"line":59,"column":17}},"60":{"start":{"line":61,"column":0},"end":{"line":61,"column":12}},"62":{"start":{"line":63,"column":0},"end":{"line":63,"column":36}},"63":{"start":{"line":64,"column":0},"end":{"line":64,"column":22}},"64":{"start":{"line":65,"column":0},"end":{"line":65,"column":12}},"65":{"start":{"line":66,"column":0},"end":{"line":66,"column":19}},"66":{"start":{"line":67,"column":0},"end":{"line":67,"column":34}},"67":{"start":{"line":68,"column":0},"end":{"line":68,"column":34}},"68":{"start":{"line":69,"column":0},"end":{"line":69,"column":31}},"69":{"start":{"line":70,"column":0},"end":{"line":70,"column":13}},"71":{"start":{"line":72,"column":0},"end":{"line":72,"column":21}},"72":{"start":{"line":73,"column":0},"end":{"line":73,"column":19}},"73":{"start":{"line":74,"column":0},"end":{"line":74,"column":36}},"74":{"start":{"line":75,"column":0},"end":{"line":75,"column":36}},"75":{"start":{"line":76,"column":0},"end":{"line":76,"column":33}},"76":{"start":{"line":77,"column":0},"end":{"line":77,"column":13}},"78":{"start":{"line":79,"column":0},"end":{"line":79,"column":21}},"79":{"start":{"line":80,"column":0},"end":{"line":80,"column":13}},"81":{"start":{"line":82,"column":0},"end":{"line":82,"column":12}},"82":{"start":{"line":83,"column":0},"end":{"line":83,"column":19}},"83":{"start":{"line":84,"column":0},"end":{"line":84,"column":34}},"84":{"start":{"line":85,"column":0},"end":{"line":85,"column":48}},"85":{"start":{"line":86,"column":0},"end":{"line":86,"column":46}},"86":{"start":{"line":87,"column":0},"end":{"line":87,"column":13}},"88":{"start":{"line":89,"column":0},"end":{"line":89,"column":21}},"89":{"start":{"line":90,"column":0},"end":{"line":90,"column":19}},"90":{"start":{"line":91,"column":0},"end":{"line":91,"column":36}},"91":{"start":{"line":92,"column":0},"end":{"line":92,"column":47}},"92":{"start":{"line":93,"column":0},"end":{"line":93,"column":48}},"93":{"start":{"line":94,"column":0},"end":{"line":94,"column":13}},"95":{"start":{"line":96,"column":0},"end":{"line":96,"column":21}},"96":{"start":{"line":97,"column":0},"end":{"line":97,"column":13}},"98":{"start":{"line":99,"column":0},"end":{"line":99,"column":12}},"99":{"start":{"line":100,"column":0},"end":{"line":100,"column":10}},"101":{"start":{"line":102,"column":0},"end":{"line":102,"column":1}},"103":{"start":{"line":104,"column":0},"end":{"line":104,"column":23}}},"s":{"0":1,"1":1,"3":326,"4":326,"5":326,"7":326,"8":5,"9":4,"10":4,"11":4,"12":5,"14":326,"15":2,"16":2,"17":2,"19":326,"20":134,"21":2,"22":134,"23":1,"24":1,"25":134,"27":326,"28":326,"29":326,"30":326,"31":326,"32":326,"33":326,"34":326,"35":326,"37":326,"38":326,"40":326,"41":146,"42":146,"43":146,"44":146,"45":146,"46":146,"47":146,"48":146,"49":146,"50":146,"52":180,"53":180,"54":180,"55":180,"57":180,"58":180,"60":326,"62":326,"63":326,"64":146,"65":146,"66":146,"67":146,"68":146,"69":146,"71":146,"72":146,"73":146,"74":146,"75":146,"76":146,"78":146,"79":146,"81":180,"82":180,"83":180,"84":180,"85":180,"86":180,"88":180,"89":180,"90":180,"91":180,"92":180,"93":180,"95":180,"96":180,"98":326,"99":326,"101":326,"103":1},"branchMap":{"0":{"type":"branch","line":4,"loc":{"start":{"line":4,"column":0},"end":{"line":102,"column":1}},"locations":[{"start":{"line":4,"column":0},"end":{"line":102,"column":1}}]},"1":{"type":"branch","line":29,"loc":{"start":{"line":29,"column":38},"end":{"line":29,"column":64}},"locations":[{"start":{"line":29,"column":38},"end":{"line":29,"column":64}}]},"2":{"type":"branch","line":29,"loc":{"start":{"line":29,"column":50},"end":{"line":29,"column":66}},"locations":[{"start":{"line":29,"column":50},"end":{"line":29,"column":66}}]},"3":{"type":"branch","line":38,"loc":{"start":{"line":38,"column":16},"end":{"line":38,"column":66}},"locations":[{"start":{"line":38,"column":16},"end":{"line":38,"column":66}}]},"4":{"type":"branch","line":41,"loc":{"start":{"line":41,"column":9},"end":{"line":51,"column":13}},"locations":[{"start":{"line":41,"column":9},"end":{"line":51,"column":13}}]},"5":{"type":"branch","line":51,"loc":{"start":{"line":51,"column":10},"end":{"line":59,"column":17}},"locations":[{"start":{"line":51,"column":10},"end":{"line":59,"column":17}}]},"6":{"type":"branch","line":64,"loc":{"start":{"line":64,"column":9},"end":{"line":80,"column":13}},"locations":[{"start":{"line":64,"column":9},"end":{"line":80,"column":13}}]},"7":{"type":"branch","line":80,"loc":{"start":{"line":80,"column":10},"end":{"line":97,"column":13}},"locations":[{"start":{"line":80,"column":10},"end":{"line":97,"column":13}}]},"8":{"type":"branch","line":8,"loc":{"start":{"line":8,"column":21},"end":{"line":13,"column":3}},"locations":[{"start":{"line":8,"column":21},"end":{"line":13,"column":3}}]},"9":{"type":"branch","line":9,"loc":{"start":{"line":9,"column":25},"end":{"line":12,"column":5}},"locations":[{"start":{"line":9,"column":25},"end":{"line":12,"column":5}}]},"10":{"type":"branch","line":15,"loc":{"start":{"line":15,"column":23},"end":{"line":18,"column":3}},"locations":[{"start":{"line":15,"column":23},"end":{"line":18,"column":3}}]},"11":{"type":"branch","line":20,"loc":{"start":{"line":20,"column":25},"end":{"line":26,"column":3}},"locations":[{"start":{"line":20,"column":25},"end":{"line":26,"column":3}}]},"12":{"type":"branch","line":21,"loc":{"start":{"line":21,"column":27},"end":{"line":23,"column":15}},"locations":[{"start":{"line":21,"column":27},"end":{"line":23,"column":15}}]},"13":{"type":"branch","line":23,"loc":{"start":{"line":23,"column":4},"end":{"line":25,"column":5}},"locations":[{"start":{"line":23,"column":4},"end":{"line":25,"column":5}}]},"14":{"type":"branch","line":23,"loc":{"start":{"line":23,"column":35},"end":{"line":25,"column":5}},"locations":[{"start":{"line":23,"column":35},"end":{"line":25,"column":5}}]},"15":{"type":"branch","line":35,"loc":{"start":{"line":35,"column":19},"end":{"line":35,"column":43}},"locations":[{"start":{"line":35,"column":19},"end":{"line":35,"column":43}}]},"16":{"type":"branch","line":47,"loc":{"start":{"line":47,"column":24},"end":{"line":47,"column":59}},"locations":[{"start":{"line":47,"column":24},"end":{"line":47,"column":59}}]},"17":{"type":"branch","line":85,"loc":{"start":{"line":85,"column":23},"end":{"line":85,"column":48}},"locations":[{"start":{"line":85,"column":23},"end":{"line":85,"column":48}}]},"18":{"type":"branch","line":92,"loc":{"start":{"line":92,"column":23},"end":{"line":92,"column":47}},"locations":[{"start":{"line":92,"column":23},"end":{"line":92,"column":47}}]}},"b":{"0":[326],"1":[86],"2":[240],"3":[86],"4":[146],"5":[180],"6":[146],"7":[180],"8":[5],"9":[4],"10":[2],"11":[134],"12":[2],"13":[132],"14":[1],"15":[4],"16":[138],"17":[8],"18":[2]},"fnMap":{"0":{"name":"TodoItem","decl":{"start":{"line":4,"column":0},"end":{"line":102,"column":1}},"loc":{"start":{"line":4,"column":0},"end":{"line":102,"column":1}},"line":4},"1":{"name":"handleSave","decl":{"start":{"line":8,"column":21},"end":{"line":13,"column":3}},"loc":{"start":{"line":8,"column":21},"end":{"line":13,"column":3}},"line":8},"2":{"name":"handleCancel","decl":{"start":{"line":15,"column":23},"end":{"line":18,"column":3}},"loc":{"start":{"line":15,"column":23},"end":{"line":18,"column":3}},"line":15},"3":{"name":"handleKeyPress","decl":{"start":{"line":20,"column":25},"end":{"line":26,"column":3}},"loc":{"start":{"line":20,"column":25},"end":{"line":26,"column":3}},"line":20},"4":{"name":"onClick","decl":{"start":{"line":35,"column":19},"end":{"line":35,"column":43}},"loc":{"start":{"line":35,"column":19},"end":{"line":35,"column":43}},"line":35},"5":{"name":"onChange","decl":{"start":{"line":47,"column":24},"end":{"line":47,"column":59}},"loc":{"start":{"line":47,"column":24},"end":{"line":47,"column":59}},"line":47},"6":{"name":"onClick","decl":{"start":{"line":55,"column":21},"end":{"line":55,"column":45}},"loc":{"start":{"line":55,"column":21},"end":{"line":55,"column":45}},"line":55},"7":{"name":"onDoubleClick","decl":{"start":{"line":56,"column":27},"end":{"line":56,"column":52}},"loc":{"start":{"line":56,"column":27},"end":{"line":56,"column":52}},"line":56},"8":{"name":"onClick","decl":{"start":{"line":85,"column":23},"end":{"line":85,"column":48}},"loc":{"start":{"line":85,"column":23},"end":{"line":85,"column":48}},"line":85},"9":{"name":"onClick","decl":{"start":{"line":92,"column":23},"end":{"line":92,"column":47}},"loc":{"start":{"line":92,"column":23},"end":{"line":92,"column":47}},"line":92}},"f":{"0":326,"1":5,"2":2,"3":134,"4":4,"5":138,"6":0,"7":0,"8":8,"9":2}}
,"/Users/moonlight/Documents/Projects/Tutorials/SettingUpMcpServers/src/components/TodoList.jsx": {"path":"/Users/moonlight/Documents/Projects/Tutorials/SettingUpMcpServers/src/components/TodoList.jsx","all":false,"statementMap":{"0":{"start":{"line":1,"column":0},"end":{"line":1,"column":32}},"1":{"start":{"line":2,"column":0},"end":{"line":2,"column":33}},"2":{"start":{"line":3,"column":0},"end":{"line":3,"column":31}},"3":{"start":{"line":4,"column":0},"end":{"line":4,"column":23}},"5":{"start":{"line":6,"column":0},"end":{"line":6,"column":81}},"6":{"start":{"line":7,"column":0},"end":{"line":7,"column":71}},"8":{"start":{"line":9,"column":0},"end":{"line":9,"column":46}},"9":{"start":{"line":10,"column":0},"end":{"line":10,"column":51}},"10":{"start":{"line":11,"column":0},"end":{"line":11,"column":53}},"11":{"start":{"line":12,"column":0},"end":{"line":12,"column":15}},"12":{"start":{"line":13,"column":0},"end":{"line":13,"column":4}},"14":{"start":{"line":15,"column":0},"end":{"line":15,"column":68}},"15":{"start":{"line":16,"column":0},"end":{"line":16,"column":51}},"17":{"start":{"line":18,"column":0},"end":{"line":18,"column":103}},"19":{"start":{"line":20,"column":0},"end":{"line":20,"column":10}},"20":{"start":{"line":21,"column":0},"end":{"line":21,"column":44}},"21":{"start":{"line":22,"column":0},"end":{"line":22,"column":39}},"23":{"start":{"line":24,"column":0},"end":{"line":24,"column":34}},"24":{"start":{"line":25,"column":0},"end":{"line":25,"column":37}},"25":{"start":{"line":26,"column":0},"end":{"line":26,"column":84}},"26":{"start":{"line":27,"column":0},"end":{"line":27,"column":15}},"27":{"start":{"line":28,"column":0},"end":{"line":28,"column":12}},"29":{"start":{"line":30,"column":0},"end":{"line":30,"column":38}},"30":{"start":{"line":31,"column":0},"end":{"line":31,"column":15}},"31":{"start":{"line":32,"column":0},"end":{"line":32,"column":75}},"32":{"start":{"line":33,"column":0},"end":{"line":33,"column":42}},"33":{"start":{"line":34,"column":0},"end":{"line":34,"column":9}},"35":{"start":{"line":36,"column":0},"end":{"line":36,"column":17}},"36":{"start":{"line":37,"column":0},"end":{"line":37,"column":15}},"37":{"start":{"line":38,"column":0},"end":{"line":38,"column":78}},"38":{"start":{"line":39,"column":0},"end":{"line":39,"column":45}},"39":{"start":{"line":40,"column":0},"end":{"line":40,"column":9}},"41":{"start":{"line":42,"column":0},"end":{"line":42,"column":17}},"42":{"start":{"line":43,"column":0},"end":{"line":43,"column":15}},"43":{"start":{"line":44,"column":0},"end":{"line":44,"column":81}},"44":{"start":{"line":45,"column":0},"end":{"line":45,"column":48}},"45":{"start":{"line":46,"column":0},"end":{"line":46,"column":9}},"47":{"start":{"line":48,"column":0},"end":{"line":48,"column":17}},"48":{"start":{"line":49,"column":0},"end":{"line":49,"column":12}},"50":{"start":{"line":51,"column":0},"end":{"line":51,"column":39}},"51":{"start":{"line":52,"column":0},"end":{"line":52,"column":47}},"52":{"start":{"line":53,"column":0},"end":{"line":53,"column":41}},"53":{"start":{"line":54,"column":0},"end":{"line":54,"column":40}},"54":{"start":{"line":55,"column":0},"end":{"line":55,"column":35}},"55":{"start":{"line":56,"column":0},"end":{"line":56,"column":17}},"57":{"start":{"line":58,"column":0},"end":{"line":58,"column":39}},"58":{"start":{"line":59,"column":0},"end":{"line":59,"column":48}},"59":{"start":{"line":60,"column":0},"end":{"line":60,"column":25}},"60":{"start":{"line":61,"column":0},"end":{"line":61,"column":29}},"61":{"start":{"line":62,"column":0},"end":{"line":62,"column":41}},"62":{"start":{"line":63,"column":0},"end":{"line":63,"column":41}},"63":{"start":{"line":64,"column":0},"end":{"line":64,"column":37}},"64":{"start":{"line":65,"column":0},"end":{"line":65,"column":18}},"65":{"start":{"line":66,"column":0},"end":{"line":66,"column":19}},"66":{"start":{"line":67,"column":0},"end":{"line":67,"column":14}},"68":{"start":{"line":69,"column":0},"end":{"line":69,"column":13}},"69":{"start":{"line":70,"column":0},"end":{"line":70,"column":12}},"70":{"start":{"line":71,"column":0},"end":{"line":71,"column":11}},"72":{"start":{"line":73,"column":0},"end":{"line":73,"column":1}},"74":{"start":{"line":75,"column":0},"end":{"line":75,"column":23}}},"s":{"0":1,"1":1,"2":1,"3":1,"5":56,"6":56,"8":56,"9":172,"10":172,"11":154,"12":56,"14":56,"15":56,"17":56,"19":56,"20":56,"21":56,"23":56,"24":56,"25":56,"26":56,"27":56,"29":56,"30":56,"31":56,"32":56,"33":56,"35":56,"36":56,"37":56,"38":56,"39":56,"41":56,"42":56,"43":56,"44":56,"45":56,"47":56,"48":56,"50":56,"51":56,"52":56,"53":1,"54":1,"55":1,"57":55,"58":164,"59":164,"60":164,"61":164,"62":164,"63":164,"64":164,"65":164,"66":55,"68":56,"69":56,"70":56,"72":56,"74":1},"branchMap":{"0":{"type":"branch","line":6,"loc":{"start":{"line":6,"column":0},"end":{"line":73,"column":1}},"locations":[{"start":{"line":6,"column":0},"end":{"line":73,"column":1}}]},"1":{"type":"branch","line":18,"loc":{"start":{"line":18,"column":46},"end":{"line":18,"column":102}},"locations":[{"start":{"line":18,"column":46},"end":{"line":18,"column":102}}]},"2":{"type":"branch","line":18,"loc":{"start":{"line":18,"column":98},"end":{"line":18,"column":103}},"locations":[{"start":{"line":18,"column":98},"end":{"line":18,"column":103}}]},"3":{"type":"branch","line":32,"loc":{"start":{"line":32,"column":32},"end":{"line":32,"column":62}},"locations":[{"start":{"line":32,"column":32},"end":{"line":32,"column":62}}]},"4":{"type":"branch","line":32,"loc":{"start":{"line":32,"column":40},"end":{"line":32,"column":75}},"locations":[{"start":{"line":32,"column":40},"end":{"line":32,"column":75}}]},"5":{"type":"branch","line":38,"loc":{"start":{"line":38,"column":32},"end":{"line":38,"column":65}},"locations":[{"start":{"line":38,"column":32},"end":{"line":38,"column":65}}]},"6":{"type":"branch","line":38,"loc":{"start":{"line":38,"column":43},"end":{"line":38,"column":78}},"locations":[{"start":{"line":38,"column":43},"end":{"line":38,"column":78}}]},"7":{"type":"branch","line":44,"loc":{"start":{"line":44,"column":32},"end":{"line":44,"column":68}},"locations":[{"start":{"line":44,"column":32},"end":{"line":44,"column":68}}]},"8":{"type":"branch","line":44,"loc":{"start":{"line":44,"column":46},"end":{"line":44,"column":81}},"locations":[{"start":{"line":44,"column":46},"end":{"line":44,"column":81}}]},"9":{"type":"branch","line":53,"loc":{"start":{"line":53,"column":36},"end":{"line":56,"column":17}},"locations":[{"start":{"line":53,"column":36},"end":{"line":56,"column":17}}]},"10":{"type":"branch","line":56,"loc":{"start":{"line":56,"column":12},"end":{"line":67,"column":14}},"locations":[{"start":{"line":56,"column":12},"end":{"line":67,"column":14}}]},"11":{"type":"branch","line":9,"loc":{"start":{"line":9,"column":37},"end":{"line":13,"column":3}},"locations":[{"start":{"line":9,"column":37},"end":{"line":13,"column":3}}]},"12":{"type":"branch","line":10,"loc":{"start":{"line":10,"column":29},"end":{"line":10,"column":51}},"locations":[{"start":{"line":10,"column":29},"end":{"line":10,"column":51}}]},"13":{"type":"branch","line":10,"loc":{"start":{"line":10,"column":42},"end":{"line":11,"column":39}},"locations":[{"start":{"line":10,"column":42},"end":{"line":11,"column":39}}]},"14":{"type":"branch","line":11,"loc":{"start":{"line":11,"column":32},"end":{"line":11,"column":53}},"locations":[{"start":{"line":11,"column":32},"end":{"line":11,"column":53}}]},"15":{"type":"branch","line":11,"loc":{"start":{"line":11,"column":44},"end":{"line":12,"column":15}},"locations":[{"start":{"line":11,"column":44},"end":{"line":12,"column":15}}]},"16":{"type":"branch","line":15,"loc":{"start":{"line":15,"column":38},"end":{"line":15,"column":60}},"locations":[{"start":{"line":15,"column":38},"end":{"line":15,"column":60}}]},"17":{"type":"branch","line":33,"loc":{"start":{"line":33,"column":19},"end":{"line":33,"column":42}},"locations":[{"start":{"line":33,"column":19},"end":{"line":33,"column":42}}]},"18":{"type":"branch","line":39,"loc":{"start":{"line":39,"column":19},"end":{"line":39,"column":45}},"locations":[{"start":{"line":39,"column":19},"end":{"line":39,"column":45}}]},"19":{"type":"branch","line":45,"loc":{"start":{"line":45,"column":19},"end":{"line":45,"column":48}},"locations":[{"start":{"line":45,"column":19},"end":{"line":45,"column":48}}]},"20":{"type":"branch","line":58,"loc":{"start":{"line":58,"column":30},"end":{"line":66,"column":19}},"locations":[{"start":{"line":58,"column":30},"end":{"line":66,"column":19}}]}},"b":{"0":[56],"1":[55],"2":[1],"3":[50],"4":[6],"5":[4],"6":[52],"7":[2],"8":[54],"9":[1],"10":[55],"11":[172],"12":[12],"13":[160],"14":[6],"15":[154],"16":[172],"17":[2],"18":[4],"19":[2],"20":[164]},"fnMap":{"0":{"name":"TodoList","decl":{"start":{"line":6,"column":0},"end":{"line":73,"column":1}},"loc":{"start":{"line":6,"column":0},"end":{"line":73,"column":1}},"line":6},"1":{"name":"onClick","decl":{"start":{"line":33,"column":19},"end":{"line":33,"column":42}},"loc":{"start":{"line":33,"column":19},"end":{"line":33,"column":42}},"line":33},"2":{"name":"onClick","decl":{"start":{"line":39,"column":19},"end":{"line":39,"column":45}},"loc":{"start":{"line":39,"column":19},"end":{"line":39,"column":45}},"line":39},"3":{"name":"onClick","decl":{"start":{"line":45,"column":19},"end":{"line":45,"column":48}},"loc":{"start":{"line":45,"column":19},"end":{"line":45,"column":48}},"line":45}},"f":{"0":56,"1":2,"2":4,"3":2}}
,"/Users/moonlight/Documents/Projects/Tutorials/SettingUpMcpServers/src/contexts/ThemeContext.jsx": {"path":"/Users/moonlight/Documents/Projects/Tutorials/SettingUpMcpServers/src/contexts/ThemeContext.jsx","all":false,"statementMap":{"0":{"start":{"line":1,"column":0},"end":{"line":1,"column":50}},"2":{"start":{"line":3,"column":0},"end":{"line":3,"column":44}},"4":{"start":{"line":5,"column":0},"end":{"line":5,"column":31}},"5":{"start":{"line":6,"column":0},"end":{"line":6,"column":43}},"6":{"start":{"line":7,"column":0},"end":{"line":7,"column":17}},"7":{"start":{"line":8,"column":0},"end":{"line":8,"column":68}},"8":{"start":{"line":9,"column":0},"end":{"line":9,"column":3}},"9":{"start":{"line":10,"column":0},"end":{"line":10,"column":17}},"10":{"start":{"line":11,"column":0},"end":{"line":11,"column":2}}},"s":{"0":1,"2":1,"4":1,"5":41,"6":41,"7":0,"8":0,"9":41,"10":41},"branchMap":{"0":{"type":"branch","line":5,"loc":{"start":{"line":5,"column":24},"end":{"line":11,"column":2}},"locations":[{"start":{"line":5,"column":24},"end":{"line":11,"column":2}}]},"1":{"type":"branch","line":7,"loc":{"start":{"line":7,"column":16},"end":{"line":9,"column":3}},"locations":[{"start":{"line":7,"column":16},"end":{"line":9,"column":3}}]}},"b":{"0":[41],"1":[0]},"fnMap":{"0":{"name":"useTheme","decl":{"start":{"line":5,"column":24},"end":{"line":11,"column":2}},"loc":{"start":{"line":5,"column":24},"end":{"line":11,"column":2}},"line":5}},"f":{"0":41}}
,"/Users/moonlight/Documents/Projects/Tutorials/SettingUpMcpServers/src/hooks/useLocalStorage.js": {"path":"/Users/moonlight/Documents/Projects/Tutorials/SettingUpMcpServers/src/hooks/useLocalStorage.js","all":false,"statementMap":{"0":{"start":{"line":1,"column":0},"end":{"line":1,"column":55}},"1":{"start":{"line":2,"column":0},"end":{"line":2,"column":0}},"2":{"start":{"line":3,"column":0},"end":{"line":3,"column":3}},"3":{"start":{"line":4,"column":0},"end":{"line":4,"column":57}},"4":{"start":{"line":5,"column":0},"end":{"line":5,"column":45}},"5":{"start":{"line":6,"column":0},"end":{"line":6,"column":71}},"6":{"start":{"line":7,"column":0},"end":{"line":7,"column":66}},"7":{"start":{"line":8,"column":0},"end":{"line":8,"column":53}},"8":{"start":{"line":9,"column":0},"end":{"line":9,"column":3}},"9":{"start":{"line":10,"column":0},"end":{"line":10,"column":53}},"10":{"start":{"line":11,"column":0},"end":{"line":11,"column":72}},"11":{"start":{"line":12,"column":0},"end":{"line":12,"column":56}},"12":{"start":{"line":13,"column":0},"end":{"line":13,"column":9}},"13":{"start":{"line":14,"column":0},"end":{"line":14,"column":51}},"14":{"start":{"line":15,"column":0},"end":{"line":15,"column":51}},"15":{"start":{"line":16,"column":0},"end":{"line":16,"column":21}},"16":{"start":{"line":17,"column":0},"end":{"line":17,"column":69}},"17":{"start":{"line":18,"column":0},"end":{"line":18,"column":25}},"18":{"start":{"line":19,"column":0},"end":{"line":19,"column":5}},"19":{"start":{"line":20,"column":0},"end":{"line":20,"column":4}},"20":{"start":{"line":21,"column":0},"end":{"line":21,"column":0}},"21":{"start":{"line":22,"column":0},"end":{"line":22,"column":103}},"22":{"start":{"line":23,"column":0},"end":{"line":23,"column":31}},"23":{"start":{"line":24,"column":0},"end":{"line":24,"column":9}},"24":{"start":{"line":25,"column":0},"end":{"line":25,"column":73}},"25":{"start":{"line":26,"column":0},"end":{"line":26,"column":81}},"26":{"start":{"line":27,"column":0},"end":{"line":27,"column":6}},"27":{"start":{"line":28,"column":0},"end":{"line":28,"column":19}},"28":{"start":{"line":29,"column":0},"end":{"line":29,"column":34}},"29":{"start":{"line":30,"column":0},"end":{"line":30,"column":6}},"30":{"start":{"line":31,"column":0},"end":{"line":31,"column":29}},"31":{"start":{"line":32,"column":0},"end":{"line":32,"column":68}},"32":{"start":{"line":33,"column":0},"end":{"line":33,"column":6}},"33":{"start":{"line":34,"column":0},"end":{"line":34,"column":45}},"34":{"start":{"line":35,"column":0},"end":{"line":35,"column":19}},"35":{"start":{"line":36,"column":0},"end":{"line":36,"column":28}},"36":{"start":{"line":37,"column":0},"end":{"line":37,"column":7}},"37":{"start":{"line":38,"column":0},"end":{"line":38,"column":21}},"38":{"start":{"line":39,"column":0},"end":{"line":39,"column":69}},"39":{"start":{"line":40,"column":0},"end":{"line":40,"column":5}},"40":{"start":{"line":41,"column":0},"end":{"line":41,"column":3}},"41":{"start":{"line":42,"column":0},"end":{"line":42,"column":0}},"42":{"start":{"line":43,"column":0},"end":{"line":43,"column":32}},"43":{"start":{"line":44,"column":0},"end":{"line":44,"column":1}},"44":{"start":{"line":45,"column":0},"end":{"line":45,"column":0}},"45":{"start":{"line":46,"column":0},"end":{"line":46,"column":30}}},"s":{"0":1,"1":1,"2":1,"3":1,"4":1,"5":1,"6":1,"7":1,"8":1,"9":81,"10":81,"11":81,"12":45,"13":45,"14":45,"15":45,"16":4,"17":4,"18":4,"19":81,"20":81,"21":81,"22":81,"23":19,"24":19,"25":19,"26":19,"27":19,"28":19,"29":19,"30":19,"31":19,"32":19,"33":19,"34":19,"35":16,"36":16,"37":19,"38":0,"39":0,"40":19,"41":81,"42":81,"43":81,"44":1,"45":1},"branchMap":{"0":{"type":"branch","line":10,"loc":{"start":{"line":10,"column":0},"end":{"line":44,"column":1}},"locations":[{"start":{"line":10,"column":0},"end":{"line":44,"column":1}}]},"1":{"type":"branch","line":12,"loc":{"start":{"line":12,"column":49},"end":{"line":20,"column":3}},"locations":[{"start":{"line":12,"column":49},"end":{"line":20,"column":3}}]},"2":{"type":"branch","line":15,"loc":{"start":{"line":15,"column":18},"end":{"line":15,"column":36}},"locations":[{"start":{"line":15,"column":18},"end":{"line":15,"column":36}}]},"3":{"type":"branch","line":15,"loc":{"start":{"line":15,"column":37},"end":{"line":15,"column":51}},"locations":[{"start":{"line":15,"column":37},"end":{"line":15,"column":51}}]},"4":{"type":"branch","line":16,"loc":{"start":{"line":16,"column":6},"end":{"line":19,"column":5}},"locations":[{"start":{"line":16,"column":6},"end":{"line":19,"column":5}}]},"5":{"type":"branch","line":23,"loc":{"start":{"line":23,"column":19},"end":{"line":41,"column":3}},"locations":[{"start":{"line":23,"column":19},"end":{"line":41,"column":3}}]},"6":{"type":"branch","line":26,"loc":{"start":{"line":26,"column":53},"end":{"line":26,"column":73}},"locations":[{"start":{"line":26,"column":53},"end":{"line":26,"column":73}}]},"7":{"type":"branch","line":26,"loc":{"start":{"line":26,"column":74},"end":{"line":26,"column":81}},"locations":[{"start":{"line":26,"column":74},"end":{"line":26,"column":81}}]},"8":{"type":"branch","line":35,"loc":{"start":{"line":35,"column":18},"end":{"line":37,"column":7}},"locations":[{"start":{"line":35,"column":18},"end":{"line":37,"column":7}}]},"9":{"type":"branch","line":38,"loc":{"start":{"line":38,"column":6},"end":{"line":40,"column":5}},"locations":[{"start":{"line":38,"column":6},"end":{"line":40,"column":5}}]}},"b":{"0":[81],"1":[45],"2":[4],"3":[39],"4":[4],"5":[19],"6":[6],"7":[13],"8":[16],"9":[0]},"fnMap":{"0":{"name":"useLocalStorage","decl":{"start":{"line":10,"column":0},"end":{"line":44,"column":1}},"loc":{"start":{"line":10,"column":0},"end":{"line":44,"column":1}},"line":10},"1":{"name":"setValue","decl":{"start":{"line":23,"column":19},"end":{"line":41,"column":3}},"loc":{"start":{"line":23,"column":19},"end":{"line":41,"column":3}},"line":23}},"f":{"0":81,"1":19}}
,"/Users/moonlight/Documents/Projects/Tutorials/SettingUpMcpServers/src/utils/localStorage.js": {"path":"/Users/moonlight/Documents/Projects/Tutorials/SettingUpMcpServers/src/utils/localStorage.js","all":false,"statementMap":{"0":{"start":{"line":1,"column":0},"end":{"line":1,"column":3}},"1":{"start":{"line":2,"column":0},"end":{"line":2,"column":48}},"2":{"start":{"line":3,"column":0},"end":{"line":3,"column":3}},"4":{"start":{"line":5,"column":0},"end":{"line":5,"column":29}},"5":{"start":{"line":6,"column":0},"end":{"line":6,"column":32}},"6":{"start":{"line":7,"column":0},"end":{"line":7,"column":32}},"7":{"start":{"line":8,"column":0},"end":{"line":8,"column":36}},"8":{"start":{"line":9,"column":0},"end":{"line":9,"column":1}},"10":{"start":{"line":11,"column":0},"end":{"line":11,"column":3}},"11":{"start":{"line":12,"column":0},"end":{"line":12,"column":43}},"12":{"start":{"line":13,"column":0},"end":{"line":13,"column":3}},"13":{"start":{"line":14,"column":0},"end":{"line":14,"column":49}},"14":{"start":{"line":15,"column":0},"end":{"line":15,"column":7}},"15":{"start":{"line":16,"column":0},"end":{"line":16,"column":42}},"16":{"start":{"line":17,"column":0},"end":{"line":17,"column":45}},"17":{"start":{"line":18,"column":0},"end":{"line":18,"column":19}},"18":{"start":{"line":19,"column":0},"end":{"line":19,"column":66}},"19":{"start":{"line":20,"column":0},"end":{"line":20,"column":19}},"20":{"start":{"line":21,"column":0},"end":{"line":21,"column":3}},"21":{"start":{"line":22,"column":0},"end":{"line":22,"column":1}},"23":{"start":{"line":24,"column":0},"end":{"line":24,"column":3}},"24":{"start":{"line":25,"column":0},"end":{"line":25,"column":27}},"25":{"start":{"line":26,"column":0},"end":{"line":26,"column":3}},"26":{"start":{"line":27,"column":0},"end":{"line":27,"column":46}},"27":{"start":{"line":28,"column":0},"end":{"line":28,"column":7}},"28":{"start":{"line":29,"column":0},"end":{"line":29,"column":52}},"29":{"start":{"line":30,"column":0},"end":{"line":30,"column":19}},"30":{"start":{"line":31,"column":0},"end":{"line":31,"column":69}},"31":{"start":{"line":32,"column":0},"end":{"line":32,"column":3}},"32":{"start":{"line":33,"column":0},"end":{"line":33,"column":1}},"34":{"start":{"line":35,"column":0},"end":{"line":35,"column":3}},"35":{"start":{"line":36,"column":0},"end":{"line":36,"column":47}},"36":{"start":{"line":37,"column":0},"end":{"line":37,"column":3}},"37":{"start":{"line":38,"column":0},"end":{"line":38,"column":35}},"38":{"start":{"line":39,"column":0},"end":{"line":39,"column":22}},"39":{"start":{"line":40,"column":0},"end":{"line":40,"column":63}},"40":{"start":{"line":41,"column":0},"end":{"line":41,"column":1}},"42":{"start":{"line":43,"column":0},"end":{"line":43,"column":3}},"43":{"start":{"line":44,"column":0},"end":{"line":44,"column":41}},"44":{"start":{"line":45,"column":0},"end":{"line":45,"column":3}},"45":{"start":{"line":46,"column":0},"end":{"line":46,"column":33}},"46":{"start":{"line":47,"column":0},"end":{"line":47,"column":17}},"47":{"start":{"line":48,"column":0},"end":{"line":48,"column":57}},"48":{"start":{"line":49,"column":0},"end":{"line":49,"column":42}},"49":{"start":{"line":50,"column":0},"end":{"line":50,"column":15}},"50":{"start":{"line":51,"column":0},"end":{"line":51,"column":11}},"51":{"start":{"line":52,"column":0},"end":{"line":52,"column":51}},"52":{"start":{"line":53,"column":0},"end":{"line":53,"column":23}},"53":{"start":{"line":54,"column":0},"end":{"line":54,"column":52}},"54":{"start":{"line":55,"column":0},"end":{"line":55,"column":7}},"55":{"start":{"line":56,"column":0},"end":{"line":56,"column":5}},"56":{"start":{"line":57,"column":0},"end":{"line":57,"column":4}},"57":{"start":{"line":58,"column":0},"end":{"line":58,"column":13}},"58":{"start":{"line":59,"column":0},"end":{"line":59,"column":1}},"60":{"start":{"line":61,"column":0},"end":{"line":61,"column":3}},"61":{"start":{"line":62,"column":0},"end":{"line":62,"column":38}},"62":{"start":{"line":63,"column":0},"end":{"line":63,"column":3}},"63":{"start":{"line":64,"column":0},"end":{"line":64,"column":37}},"64":{"start":{"line":65,"column":0},"end":{"line":65,"column":51}},"65":{"start":{"line":66,"column":0},"end":{"line":66,"column":48}},"66":{"start":{"line":67,"column":0},"end":{"line":67,"column":14}},"67":{"start":{"line":68,"column":0},"end":{"line":68,"column":11}},"68":{"start":{"line":69,"column":0},"end":{"line":69,"column":56}},"69":{"start":{"line":70,"column":0},"end":{"line":70,"column":23}},"70":{"start":{"line":71,"column":0},"end":{"line":71,"column":54}},"71":{"start":{"line":72,"column":0},"end":{"line":72,"column":7}},"72":{"start":{"line":73,"column":0},"end":{"line":73,"column":5}},"73":{"start":{"line":74,"column":0},"end":{"line":74,"column":4}},"74":{"start":{"line":75,"column":0},"end":{"line":75,"column":69}},"75":{"start":{"line":76,"column":0},"end":{"line":76,"column":1}}},"s":{"0":1,"1":1,"2":1,"4":1,"5":1,"6":1,"7":1,"8":1,"10":1,"11":1,"12":1,"13":1,"14":3,"15":3,"16":3,"17":3,"18":1,"19":1,"20":1,"21":3,"23":1,"24":1,"25":1,"26":1,"27":4,"28":4,"29":4,"30":0,"31":0,"32":4,"34":1,"35":1,"36":1,"37":1,"38":1,"39":1,"40":1,"42":1,"43":1,"44":1,"45":1,"46":1,"47":1,"48":3,"49":3,"50":2,"51":2,"52":2,"53":0,"54":0,"55":2,"56":1,"57":1,"58":1,"60":1,"61":1,"62":1,"63":1,"64":2,"65":2,"66":2,"67":2,"68":2,"69":2,"70":0,"71":0,"72":2,"73":2,"74":2,"75":2},"branchMap":{"0":{"type":"branch","line":14,"loc":{"start":{"line":14,"column":29},"end":{"line":22,"column":1}},"locations":[{"start":{"line":14,"column":29},"end":{"line":22,"column":1}}]},"1":{"type":"branch","line":17,"loc":{"start":{"line":17,"column":16},"end":{"line":17,"column":34}},"locations":[{"start":{"line":17,"column":16},"end":{"line":17,"column":34}}]},"2":{"type":"branch","line":17,"loc":{"start":{"line":17,"column":35},"end":{"line":17,"column":45}},"locations":[{"start":{"line":17,"column":35},"end":{"line":17,"column":45}}]},"3":{"type":"branch","line":18,"loc":{"start":{"line":18,"column":4},"end":{"line":21,"column":3}},"locations":[{"start":{"line":18,"column":4},"end":{"line":21,"column":3}}]},"4":{"type":"branch","line":27,"loc":{"start":{"line":27,"column":29},"end":{"line":33,"column":1}},"locations":[{"start":{"line":27,"column":29},"end":{"line":33,"column":1}}]},"5":{"type":"branch","line":30,"loc":{"start":{"line":30,"column":4},"end":{"line":32,"column":3}},"locations":[{"start":{"line":30,"column":4},"end":{"line":32,"column":3}}]},"6":{"type":"branch","line":38,"loc":{"start":{"line":38,"column":28},"end":{"line":41,"column":1}},"locations":[{"start":{"line":38,"column":28},"end":{"line":41,"column":1}}]},"7":{"type":"branch","line":46,"loc":{"start":{"line":46,"column":26},"end":{"line":59,"column":1}},"locations":[{"start":{"line":46,"column":26},"end":{"line":59,"column":1}}]},"8":{"type":"branch","line":48,"loc":{"start":{"line":48,"column":39},"end":{"line":57,"column":3}},"locations":[{"start":{"line":48,"column":39},"end":{"line":57,"column":3}}]},"9":{"type":"branch","line":50,"loc":{"start":{"line":50,"column":14},"end":{"line":56,"column":5}},"locations":[{"start":{"line":50,"column":14},"end":{"line":56,"column":5}}]},"10":{"type":"branch","line":53,"loc":{"start":{"line":53,"column":8},"end":{"line":55,"column":7}},"locations":[{"start":{"line":53,"column":8},"end":{"line":55,"column":7}}]},"11":{"type":"branch","line":64,"loc":{"start":{"line":64,"column":26},"end":{"line":76,"column":1}},"locations":[{"start":{"line":64,"column":26},"end":{"line":76,"column":1}}]},"12":{"type":"branch","line":65,"loc":{"start":{"line":65,"column":31},"end":{"line":74,"column":3}},"locations":[{"start":{"line":65,"column":31},"end":{"line":74,"column":3}}]},"13":{"type":"branch","line":70,"loc":{"start":{"line":70,"column":8},"end":{"line":72,"column":7}},"locations":[{"start":{"line":70,"column":8},"end":{"line":72,"column":7}}]}},"b":{"0":[3],"1":[2],"2":[1],"3":[1],"4":[4],"5":[0],"6":[1],"7":[1],"8":[3],"9":[2],"10":[0],"11":[2],"12":[2],"13":[0]},"fnMap":{"0":{"name":"getStoredData","decl":{"start":{"line":14,"column":29},"end":{"line":22,"column":1}},"loc":{"start":{"line":14,"column":29},"end":{"line":22,"column":1}},"line":14},"1":{"name":"setStoredData","decl":{"start":{"line":27,"column":29},"end":{"line":33,"column":1}},"loc":{"start":{"line":27,"column":29},"end":{"line":33,"column":1}},"line":27},"2":{"name":"clearAllData","decl":{"start":{"line":38,"column":28},"end":{"line":41,"column":1}},"loc":{"start":{"line":38,"column":28},"end":{"line":41,"column":1}},"line":38},"3":{"name":"exportData","decl":{"start":{"line":46,"column":26},"end":{"line":59,"column":1}},"loc":{"start":{"line":46,"column":26},"end":{"line":59,"column":1}},"line":46},"4":{"name":"importData","decl":{"start":{"line":64,"column":26},"end":{"line":76,"column":1}},"loc":{"start":{"line":64,"column":26},"end":{"line":76,"column":1}},"line":64}},"f":{"0":3,"1":4,"2":1,"3":1,"4":2}}
}
